2024-12-18 05:32:33 INFO  [main] c.t.e.b.i.EzySimpleBeanContext$Builder - active profiles: null
2024-12-18 05:32:33 ERROR [main] com.zaxxer.hikari.HikariConfig - HikariPool-1 - jdbcUrl is required with driverClassName.
2024-12-18 05:47:53 INFO  [main] c.t.e.b.i.EzySimpleBeanContext$Builder - active profiles: null
2024-12-18 05:47:53 ERROR [main] com.zaxxer.hikari.HikariConfig - HikariPool-1 - jdbcUrl is required with driverClassName.
2024-12-18 05:48:54 INFO  [main] c.t.e.b.i.EzySimpleBeanContext$Builder - active profiles: null
2024-12-18 05:48:54 ERROR [main] com.zaxxer.hikari.HikariConfig - HikariPool-1 - jdbcUrl is required with driverClassName.
2024-12-18 05:59:16 INFO  [main] c.t.e.b.i.EzySimpleBeanContext$Builder - active profiles: null
2024-12-18 05:59:16 ERROR [main] com.zaxxer.hikari.HikariConfig - HikariPool-1 - dataSource or dataSourceClassName or jdbcUrl is required.
2024-12-18 06:11:11 INFO  [main] c.t.e.b.i.EzySimpleBeanContext$Builder - active profiles: null
2024-12-18 06:11:11 ERROR [main] com.zaxxer.hikari.HikariConfig - HikariPool-1 - dataSource or dataSourceClassName or jdbcUrl is required.
2024-12-18 06:12:05 INFO  [main] c.t.e.b.i.EzySimpleBeanContext$Builder - active profiles: null
2024-12-18 06:12:05 ERROR [main] com.zaxxer.hikari.HikariConfig - HikariPool-1 - jdbcUrl is required with driverClassName.
2024-12-18 06:17:13 INFO  [main] c.t.e.b.i.EzySimpleBeanContext$Builder - active profiles: null
2024-12-18 06:17:13 ERROR [main] com.zaxxer.hikari.HikariConfig - HikariPool-1 - jdbcUrl is required with driverClassName.
2024-12-18 06:18:01 INFO  [main] c.t.e.b.i.EzySimpleBeanContext$Builder - active profiles: null
2024-12-18 06:18:01 ERROR [main] com.zaxxer.hikari.HikariConfig - HikariPool-1 - dataSource or dataSourceClassName or jdbcUrl is required.
2024-12-18 06:19:18 INFO  [main] c.t.e.b.i.EzySimpleBeanContext$Builder - active profiles: null
2024-12-18 06:19:18 ERROR [main] com.zaxxer.hikari.HikariConfig - HikariPool-1 - dataSource or dataSourceClassName or jdbcUrl is required.
2024-12-18 06:25:52 INFO  [main] c.t.e.b.i.EzySimpleBeanContext$Builder - active profiles: null
2024-12-18 06:25:52 ERROR [main] com.zaxxer.hikari.HikariConfig - HikariPool-1 - dataSource or dataSourceClassName or jdbcUrl is required.
2024-12-18 07:17:54 INFO  [main] c.t.e.b.i.EzySimpleBeanContext$Builder - active profiles: null
2024-12-18 07:17:54 ERROR [main] com.zaxxer.hikari.HikariConfig - HikariPool-1 - dataSource or dataSourceClassName or jdbcUrl is required.
2024-12-18 07:18:25 INFO  [main] org.hibernate.Version - HHH000412: Hibernate ORM core version 5.6.14.Final
2024-12-18 07:18:25 INFO  [main] o.h.annotations.common.Version - HCANN000001: Hibernate Commons Annotations {5.1.2.Final}
2024-12-18 07:18:25 INFO  [main] com.zaxxer.hikari.HikariDataSource - HikariPool-2 - Starting...
2024-12-18 07:18:26 INFO  [main] com.zaxxer.hikari.HikariDataSource - HikariPool-2 - Start completed.
2024-12-18 07:18:26 INFO  [main] org.hibernate.dialect.Dialect - HHH000400: Using dialect: org.hibernate.dialect.MySQL8Dialect
2024-12-18 07:18:26 INFO  [main] o.h.e.t.j.p.i.JtaPlatformInitiator - HHH000490: Using JtaPlatform implementation: [org.hibernate.engine.transaction.jta.platform.internal.NoJtaPlatform]
2024-12-18 08:01:57 INFO  [main] c.t.e.b.i.EzySimpleBeanContext$Builder - active profiles: null
2024-12-18 08:01:57 ERROR [main] com.zaxxer.hikari.HikariConfig - HikariPool-1 - dataSource or dataSourceClassName or jdbcUrl is required.
2024-12-18 08:06:52 INFO  [main] c.t.e.b.i.EzySimpleBeanContext$Builder - active profiles: null
2024-12-18 08:06:53 ERROR [main] com.zaxxer.hikari.HikariConfig - HikariPool-1 - dataSource or dataSourceClassName or jdbcUrl is required.
2024-12-18 08:36:16 INFO  [main] c.t.e.b.i.EzySimpleBeanContext$Builder - active profiles: null
2024-12-18 08:36:16 ERROR [main] com.zaxxer.hikari.HikariConfig - HikariPool-1 - dataSource or dataSourceClassName or jdbcUrl is required.
2024-12-18 08:41:37 INFO  [main] c.t.e.b.i.EzySimpleBeanContext$Builder - active profiles: null
2024-12-18 08:41:37 ERROR [main] com.zaxxer.hikari.HikariConfig - HikariPool-1 - dataSource or dataSourceClassName or jdbcUrl is required.
2024-12-18 08:45:44 INFO  [main] c.t.e.b.i.EzySimpleBeanContext$Builder - active profiles: null
2024-12-18 08:45:44 ERROR [main] com.zaxxer.hikari.HikariConfig - HikariPool-1 - dataSource or dataSourceClassName or jdbcUrl is required.
2024-12-18 09:02:25 INFO  [main] c.t.e.b.i.EzySimpleBeanContext$Builder - active profiles: null
2024-12-18 09:02:25 ERROR [main] com.zaxxer.hikari.HikariConfig - HikariPool-1 - dataSource or dataSourceClassName or jdbcUrl is required.
