2024-12-17 09:31:55 INFO  [main] c.t.e.b.i.EzySimpleBeanContext$Builder - active profiles: null
2024-12-17 09:31:55 ERROR [main] com.zaxxer.hikari.HikariConfig - HikariPool-1 - dataSource or dataSourceClassName or jdbcUrl is required.
2024-12-17 09:31:55 INFO  [main] org.hibernate.Version - HHH000412: Hibernate ORM core version 5.6.14.Final
2024-12-17 09:31:55 INFO  [main] o.h.annotations.common.Version - HCANN000001: Hibernate Commons Annotations {5.1.2.Final}
2024-12-17 09:31:55 INFO  [main] com.zaxxer.hikari.HikariDataSource - HikariPool-2 - Starting...
2024-12-17 09:31:55 INFO  [main] com.zaxxer.hikari.HikariDataSource - HikariPool-2 - Start completed.
2024-12-17 09:31:55 INFO  [main] org.hibernate.dialect.Dialect - HHH000400: Using dialect: org.hibernate.dialect.MySQL8Dialect
2024-12-17 09:31:55 INFO  [main] o.h.e.t.j.p.i.JtaPlatformInitiator - HHH000490: Using JtaPlatform implementation: [org.hibernate.engine.transaction.jta.platform.internal.NoJtaPlatform]
2024-12-17 09:42:33 INFO  [main] c.t.e.b.i.EzySimpleBeanContext$Builder - active profiles: null
2024-12-17 09:42:34 ERROR [main] com.zaxxer.hikari.HikariConfig - HikariPool-1 - jdbcUrl is required with driverClassName.
2024-12-17 09:42:34 INFO  [main] org.hibernate.Version - HHH000412: Hibernate ORM core version 5.6.14.Final
2024-12-17 09:43:26 INFO  [main] c.t.e.b.i.EzySimpleBeanContext$Builder - active profiles: null
2024-12-17 09:43:26 ERROR [main] com.zaxxer.hikari.HikariConfig - HikariPool-1 - jdbcUrl is required with driverClassName.
2024-12-17 09:43:38 INFO  [main] org.hibernate.Version - HHH000412: Hibernate ORM core version 5.6.14.Final
2024-12-17 09:46:44 INFO  [main] c.t.e.b.i.EzySimpleBeanContext$Builder - active profiles: null
2024-12-17 09:46:44 ERROR [main] com.zaxxer.hikari.HikariConfig - HikariPool-1 - jdbcUrl is required with driverClassName.
2024-12-17 09:46:45 INFO  [main] org.hibernate.Version - HHH000412: Hibernate ORM core version 5.6.14.Final
2024-12-17 09:47:22 INFO  [main] c.t.e.b.i.EzySimpleBeanContext$Builder - active profiles: null
2024-12-17 09:47:22 ERROR [main] com.zaxxer.hikari.HikariConfig - HikariPool-1 - jdbcUrl is required with driverClassName.
2024-12-17 09:47:27 INFO  [main] org.hibernate.Version - HHH000412: Hibernate ORM core version 5.6.14.Final
2024-12-17 09:54:55 INFO  [main] c.t.e.b.i.EzySimpleBeanContext$Builder - active profiles: null
2024-12-17 09:54:55 ERROR [main] com.zaxxer.hikari.HikariConfig - HikariPool-1 - jdbcUrl is required with driverClassName.
2024-12-17 09:55:07 INFO  [main] org.hibernate.Version - HHH000412: Hibernate ORM core version 5.6.14.Final
2024-12-17 09:55:07 INFO  [main] o.h.annotations.common.Version - HCANN000001: Hibernate Commons Annotations {5.1.2.Final}
2024-12-17 09:55:08 ERROR [main] com.zaxxer.hikari.util.PropertyElf - Failed to set property maximumPoolSize on target class com.zaxxer.hikari.HikariConfig
java.lang.NumberFormatException: For input string: "datasource.hikari.maximum-pool-size"
	at java.lang.NumberFormatException.forInputString(NumberFormatException.java:65)
	at java.lang.Integer.parseInt(Integer.java:580)
	at java.lang.Integer.parseInt(Integer.java:615)
	at com.zaxxer.hikari.util.PropertyElf.setProperty(PropertyElf.java:141)
	at com.zaxxer.hikari.util.PropertyElf.lambda$setTargetFromProperties$0(PropertyElf.java:59)
	at java.util.Hashtable.forEach(Hashtable.java:879)
	at com.zaxxer.hikari.util.PropertyElf.setTargetFromProperties(PropertyElf.java:54)
	at com.zaxxer.hikari.HikariConfig.<init>(HikariConfig.java:140)
	at org.hibernate.hikaricp.internal.HikariConfigurationUtil.loadConfiguration(HikariConfigurationUtil.java:56)
	at org.hibernate.hikaricp.internal.HikariCPConnectionProvider.configure(HikariCPConnectionProvider.java:58)
	at org.hibernate.boot.registry.internal.StandardServiceRegistryImpl.configureService(StandardServiceRegistryImpl.java:107)
	at org.hibernate.service.internal.AbstractServiceRegistryImpl.initializeService(AbstractServiceRegistryImpl.java:246)
	at org.hibernate.service.internal.AbstractServiceRegistryImpl.getService(AbstractServiceRegistryImpl.java:214)
	at org.hibernate.engine.jdbc.env.internal.JdbcEnvironmentInitiator.buildJdbcConnectionAccess(JdbcEnvironmentInitiator.java:146)
	at org.hibernate.engine.jdbc.env.internal.JdbcEnvironmentInitiator.initiateService(JdbcEnvironmentInitiator.java:66)
	at org.hibernate.engine.jdbc.env.internal.JdbcEnvironmentInitiator.initiateService(JdbcEnvironmentInitiator.java:35)
	at org.hibernate.boot.registry.internal.StandardServiceRegistryImpl.initiateService(StandardServiceRegistryImpl.java:101)
	at org.hibernate.service.internal.AbstractServiceRegistryImpl.createService(AbstractServiceRegistryImpl.java:263)
	at org.hibernate.service.internal.AbstractServiceRegistryImpl.initializeService(AbstractServiceRegistryImpl.java:237)
	at org.hibernate.service.internal.AbstractServiceRegistryImpl.getService(AbstractServiceRegistryImpl.java:214)
	at org.hibernate.id.factory.internal.DefaultIdentifierGeneratorFactory.injectServices(DefaultIdentifierGeneratorFactory.java:175)
	at org.hibernate.service.internal.AbstractServiceRegistryImpl.injectDependencies(AbstractServiceRegistryImpl.java:286)
	at org.hibernate.service.internal.AbstractServiceRegistryImpl.initializeService(AbstractServiceRegistryImpl.java:243)
	at org.hibernate.service.internal.AbstractServiceRegistryImpl.getService(AbstractServiceRegistryImpl.java:214)
	at org.hibernate.boot.internal.InFlightMetadataCollectorImpl.<init>(InFlightMetadataCollectorImpl.java:173)
	at org.hibernate.boot.model.process.spi.MetadataBuildingProcess.complete(MetadataBuildingProcess.java:127)
	at org.hibernate.boot.model.process.spi.MetadataBuildingProcess.build(MetadataBuildingProcess.java:86)
	at org.hibernate.boot.internal.MetadataBuilderImpl.build(MetadataBuilderImpl.java:479)
	at org.hibernate.boot.internal.MetadataBuilderImpl.build(MetadataBuilderImpl.java:85)
	at org.hibernate.cfg.Configuration.buildSessionFactory(Configuration.java:709)
	at org.hello.DatabaseUtil.<clinit>(DatabaseUtil.java:64)
	at org.hello.EmployeeDAO.listEmployees(EmployeeDAO.java:22)
	at org.hello.Main.main(Main.java:27)
2024-12-17 09:57:35 INFO  [main] c.t.e.b.i.EzySimpleBeanContext$Builder - active profiles: null
2024-12-17 09:57:35 ERROR [main] com.zaxxer.hikari.HikariConfig - HikariPool-1 - jdbcUrl is required with driverClassName.
